#
# There is insufficient memory for the Java Runtime Environment to continue.
# Native memory allocation (malloc) failed to allocate 190304 bytes for Chunk::new
# Possible reasons:
#   The system is out of physical RAM or swap space
#   In 32 bit mode, the process size limit was hit
# Possible solutions:
#   Reduce memory load on the system
#   Increase physical memory or swap space
#   Check if swap backing store is full
#   Use 64 bit Java on a 64 bit OS
#   Decrease Java heap size (-Xmx/-Xms)
#   Decrease number of Java threads
#   Decrease Java thread stack sizes (-Xss)
#   Set larger code cache with -XX:ReservedCodeCacheSize=
# This output file may be truncated or incomplete.
#
#  Out of Memory Error (allocation.cpp:390), pid=32916, tid=0x0000000000004318
#
# JRE version: Java(TM) SE Runtime Environment (8.0_121-b13) (build 1.8.0_121-b13)
# Java VM: Java HotSpot(TM) 64-Bit Server VM (25.121-b13 mixed mode windows-amd64 compressed oops)
# Failed to write core dump. Minidumps are not enabled by default on client versions of Windows
#

---------------  T H R E A D  ---------------

Current thread (0x0000000017cfc800):  JavaThread "C2 CompilerThread1" daemon [_thread_in_native, id=17176, stack(0x0000000019710000,0x0000000019810000)]

Stack: [0x0000000019710000,0x0000000019810000]
[error occurred during error reporting (printing stack bounds), id 0xc0000005]

Native frames: (J=compiled Java code, j=interpreted, Vv=VM code, C=native code)


Current CompileTask:
C2:   7507 2864       4       com.sun.beans.TypeResolver::resolve (37 bytes)


---------------  P R O C E S S  ---------------

Java Threads: ( => current thread )
  0x0000000019265800 JavaThread "surefire-forkedjvm-ping-30s" daemon [_thread_in_native, id=22636, stack(0x0000000019c10000,0x0000000019d10000)]
  0x0000000019118000 JavaThread "surefire-forkedjvm-command-thread" daemon [_thread_in_native, id=28920, stack(0x0000000019b10000,0x0000000019c10000)]
  0x0000000019098800 JavaThread "Service Thread" daemon [_thread_blocked, id=9148, stack(0x0000000019910000,0x0000000019a10000)]
  0x0000000019025000 JavaThread "C1 CompilerThread2" daemon [_thread_blocked, id=10672, stack(0x0000000019810000,0x0000000019910000)]
=>0x0000000017cfc800 JavaThread "C2 CompilerThread1" daemon [_thread_in_native, id=17176, stack(0x0000000019710000,0x0000000019810000)]
  0x0000000017cfa800 JavaThread "C2 CompilerThread0" daemon [_thread_in_native, id=15548, stack(0x0000000019610000,0x0000000019710000)]
  0x0000000019018800 JavaThread "Attach Listener" daemon [_thread_blocked, id=24436, stack(0x0000000019510000,0x0000000019610000)]
  0x0000000017caf000 JavaThread "Signal Dispatcher" daemon [_thread_blocked, id=16088, stack(0x0000000019410000,0x0000000019510000)]
  0x0000000017c89000 JavaThread "Finalizer" daemon [_thread_blocked, id=4516, stack(0x0000000018f10000,0x0000000019010000)]
  0x0000000003141000 JavaThread "Reference Handler" daemon [_thread_blocked, id=23964, stack(0x0000000018e10000,0x0000000018f10000)]
  0x0000000003050800 JavaThread "main" [_thread_in_vm, id=29156, stack(0x0000000002f40000,0x0000000003040000)]

Other Threads:
  0x0000000017c67000 VMThread [stack: 0x0000000018d10000,0x0000000018e10000] [id=8300]
  0x00000000190da000 WatcherThread [stack: 0x0000000019a10000,0x0000000019b10000] [id=9436]

VM state:not at safepoint (normal execution)

VM Mutex/Monitor currently owned by a thread: None

Heap:
 PSYoungGen      total 121856K, used 44606K [0x00000000d5d80000, 0x00000000de100000, 0x0000000100000000)
  eden space 113664K, 32% used [0x00000000d5d80000,0x00000000d8121040,0x00000000dcc80000)
  from space 8192K, 99% used [0x00000000dd900000,0x00000000de0eeb80,0x00000000de100000)
  to   space 10240K, 0% used [0x00000000dcd00000,0x00000000dcd00000,0x00000000dd700000)
 ParOldGen       total 49664K, used 7062K [0x0000000081800000, 0x0000000084880000, 0x00000000d5d80000)
  object space 49664K, 14% used [0x0000000081800000,0x0000000081ee5af8,0x0000000084880000)
 Metaspace       used 30103K, capacity 32486K, committed 32640K, reserved 1077248K
  class space    used 4036K, capacity 4443K, committed 4480K, reserved 1048576K

Card table byte_map: [0x0000000012510000,0x0000000012910000] byte_map_base: 0x0000000012104000

Marking Bits: (ParMarkBitMap*) 0x000000007762b6d0
 Begin Bits: [0x0000000012fc0000, 0x0000000014f60000)
 End Bits:   [0x0000000014f60000, 0x0000000016f00000)

Polling page: 0x0000000001270000

CodeCache: size=245760Kb used=10519Kb max_used=10519Kb free=235240Kb
 bounds [0x0000000003150000, 0x0000000003ba0000, 0x0000000012150000]
 total_blobs=3323 nmethods=2933 adapters=302
 compilation: enabled

Compilation events (10 events):
Event: 7.362 Thread 0x0000000019025000 2939       3       java.util.HashMap::clear (50 bytes)
Event: 7.362 Thread 0x0000000019025000 nmethod 2939 0x0000000003b95810 code [0x0000000003b95980, 0x0000000003b95d50]
Event: 7.364 Thread 0x0000000019025000 2940   !   2       java.net.URL::<init> (543 bytes)
Event: 7.367 Thread 0x0000000019025000 nmethod 2940 0x0000000003b95e90 code [0x0000000003b961e0, 0x0000000003b974f8]
Event: 7.371 Thread 0x0000000019025000 2941       3       java.lang.Enum::equals (11 bytes)
Event: 7.371 Thread 0x0000000019025000 nmethod 2941 0x0000000003b990d0 code [0x0000000003b99220, 0x0000000003b993d0]
Event: 7.372 Thread 0x0000000019025000 2942       3       java.lang.CharacterData::of (120 bytes)
Event: 7.372 Thread 0x0000000019025000 nmethod 2942 0x0000000003b99450 code [0x0000000003b99600, 0x0000000003b99b10]
Event: 7.394 Thread 0x0000000019025000 2943       3       java.util.stream.StreamSpliterators$AbstractWrappingSpliterator::init (29 bytes)
Event: 7.394 Thread 0x0000000019025000 nmethod 2943 0x0000000003b99d50 code [0x0000000003b99ec0, 0x0000000003b9a248]

GC Heap History (10 events):
Event: 2.846 GC heap before
{Heap before GC invocations=3 (full 0):
 PSYoungGen      total 38400K, used 38375K [0x00000000d5d80000, 0x00000000d8800000, 0x0000000100000000)
  eden space 33280K, 100% used [0x00000000d5d80000,0x00000000d7e00000,0x00000000d7e00000)
  from space 5120K, 99% used [0x00000000d8300000,0x00000000d87f9dc8,0x00000000d8800000)
  to   space 5120K, 0% used [0x00000000d7e00000,0x00000000d7e00000,0x00000000d8300000)
 ParOldGen       total 87552K, used 1666K [0x0000000081800000, 0x0000000086d80000, 0x00000000d5d80000)
  object space 87552K, 1% used [0x0000000081800000,0x00000000819a0a20,0x0000000086d80000)
 Metaspace       used 19730K, capacity 20946K, committed 21248K, reserved 1067008K
  class space    used 2514K, capacity 2763K, committed 2816K, reserved 1048576K
Event: 2.857 GC heap after
Heap after GC invocations=3 (full 0):
 PSYoungGen      total 38400K, used 5091K [0x00000000d5d80000, 0x00000000da880000, 0x0000000100000000)
  eden space 33280K, 0% used [0x00000000d5d80000,0x00000000d5d80000,0x00000000d7e00000)
  from space 5120K, 99% used [0x00000000d7e00000,0x00000000d82f8da8,0x00000000d8300000)
  to   space 5120K, 0% used [0x00000000da380000,0x00000000da380000,0x00000000da880000)
 ParOldGen       total 87552K, used 5460K [0x0000000081800000, 0x0000000086d80000, 0x00000000d5d80000)
  object space 87552K, 6% used [0x0000000081800000,0x0000000081d552e0,0x0000000086d80000)
 Metaspace       used 19730K, capacity 20946K, committed 21248K, reserved 1067008K
  class space    used 2514K, capacity 2763K, committed 2816K, reserved 1048576K
}
Event: 2.894 GC heap before
{Heap before GC invocations=4 (full 0):
 PSYoungGen      total 38400K, used 7369K [0x00000000d5d80000, 0x00000000da880000, 0x0000000100000000)
  eden space 33280K, 6% used [0x00000000d5d80000,0x00000000d5fb9950,0x00000000d7e00000)
  from space 5120K, 99% used [0x00000000d7e00000,0x00000000d82f8da8,0x00000000d8300000)
  to   space 5120K, 0% used [0x00000000da380000,0x00000000da380000,0x00000000da880000)
 ParOldGen       total 87552K, used 5460K [0x0000000081800000, 0x0000000086d80000, 0x00000000d5d80000)
  object space 87552K, 6% used [0x0000000081800000,0x0000000081d552e0,0x0000000086d80000)
 Metaspace       used 20017K, capacity 21196K, committed 21248K, reserved 1067008K
  class space    used 2557K, capacity 2782K, committed 2816K, reserved 1048576K
Event: 2.903 GC heap after
Heap after GC invocations=4 (full 0):
 PSYoungGen      total 71680K, used 4782K [0x00000000d5d80000, 0x00000000da880000, 0x0000000100000000)
  eden space 66560K, 0% used [0x00000000d5d80000,0x00000000d5d80000,0x00000000d9e80000)
  from space 5120K, 93% used [0x00000000da380000,0x00000000da82b8d8,0x00000000da880000)
  to   space 5120K, 0% used [0x00000000d9e80000,0x00000000d9e80000,0x00000000da380000)
 ParOldGen       total 87552K, used 5468K [0x0000000081800000, 0x0000000086d80000, 0x00000000d5d80000)
  object space 87552K, 6% used [0x0000000081800000,0x0000000081d572e0,0x0000000086d80000)
 Metaspace       used 20017K, capacity 21196K, committed 21248K, reserved 1067008K
  class space    used 2557K, capacity 2782K, committed 2816K, reserved 1048576K
}
Event: 2.903 GC heap before
{Heap before GC invocations=5 (full 1):
 PSYoungGen      total 71680K, used 4782K [0x00000000d5d80000, 0x00000000da880000, 0x0000000100000000)
  eden space 66560K, 0% used [0x00000000d5d80000,0x00000000d5d80000,0x00000000d9e80000)
  from space 5120K, 93% used [0x00000000da380000,0x00000000da82b8d8,0x00000000da880000)
  to   space 5120K, 0% used [0x00000000d9e80000,0x00000000d9e80000,0x00000000da380000)
 ParOldGen       total 87552K, used 5468K [0x0000000081800000, 0x0000000086d80000, 0x00000000d5d80000)
  object space 87552K, 6% used [0x0000000081800000,0x0000000081d572e0,0x0000000086d80000)
 Metaspace       used 20017K, capacity 21196K, committed 21248K, reserved 1067008K
  class space    used 2557K, capacity 2782K, committed 2816K, reserved 1048576K
Event: 2.949 GC heap after
Heap after GC invocations=5 (full 1):
 PSYoungGen      total 71680K, used 0K [0x00000000d5d80000, 0x00000000da880000, 0x0000000100000000)
  eden space 66560K, 0% used [0x00000000d5d80000,0x00000000d5d80000,0x00000000d9e80000)
  from space 5120K, 0% used [0x00000000da380000,0x00000000da380000,0x00000000da880000)
  to   space 5120K, 0% used [0x00000000d9e80000,0x00000000d9e80000,0x00000000da380000)
 ParOldGen       total 49664K, used 4607K [0x0000000081800000, 0x0000000084880000, 0x00000000d5d80000)
  object space 49664K, 9% used [0x0000000081800000,0x0000000081c7fd88,0x0000000084880000)
 Metaspace       used 20017K, capacity 21196K, committed 21248K, reserved 1067008K
  class space    used 2557K, capacity 2782K, committed 2816K, reserved 1048576K
}
Event: 4.722 GC heap before
{Heap before GC invocations=6 (full 1):
 PSYoungGen      total 71680K, used 66560K [0x00000000d5d80000, 0x00000000da880000, 0x0000000100000000)
  eden space 66560K, 100% used [0x00000000d5d80000,0x00000000d9e80000,0x00000000d9e80000)
  from space 5120K, 0% used [0x00000000da380000,0x00000000da380000,0x00000000da880000)
  to   space 5120K, 0% used [0x00000000d9e80000,0x00000000d9e80000,0x00000000da380000)
 ParOldGen       total 49664K, used 4607K [0x0000000081800000, 0x0000000084880000, 0x00000000d5d80000)
  object space 49664K, 9% used [0x0000000081800000,0x0000000081c7fd88,0x0000000084880000)
 Metaspace       used 25506K, capacity 27128K, committed 27264K, reserved 1073152K
  class space    used 3287K, capacity 3590K, committed 3712K, reserved 1048576K
Event: 4.750 GC heap after
Heap after GC invocations=6 (full 1):
 PSYoungGen      total 71680K, used 5115K [0x00000000d5d80000, 0x00000000de280000, 0x0000000100000000)
  eden space 66560K, 0% used [0x00000000d5d80000,0x00000000d5d80000,0x00000000d9e80000)
  from space 5120K, 99% used [0x00000000d9e80000,0x00000000da37ed90,0x00000000da380000)
  to   space 9728K, 0% used [0x00000000dd900000,0x00000000dd900000,0x00000000de280000)
 ParOldGen       total 49664K, used 7054K [0x0000000081800000, 0x0000000084880000, 0x00000000d5d80000)
  object space 49664K, 14% used [0x0000000081800000,0x0000000081ee3af8,0x0000000084880000)
 Metaspace       used 25506K, capacity 27128K, committed 27264K, reserved 1073152K
  class space    used 3287K, capacity 3590K, committed 3712K, reserved 1048576K
}
Event: 6.574 GC heap before
{Heap before GC invocations=7 (full 1):
 PSYoungGen      total 71680K, used 71675K [0x00000000d5d80000, 0x00000000de280000, 0x0000000100000000)
  eden space 66560K, 100% used [0x00000000d5d80000,0x00000000d9e80000,0x00000000d9e80000)
  from space 5120K, 99% used [0x00000000d9e80000,0x00000000da37ed90,0x00000000da380000)
  to   space 9728K, 0% used [0x00000000dd900000,0x00000000dd900000,0x00000000de280000)
 ParOldGen       total 49664K, used 7054K [0x0000000081800000, 0x0000000084880000, 0x00000000d5d80000)
  object space 49664K, 14% used [0x0000000081800000,0x0000000081ee3af8,0x0000000084880000)
 Metaspace       used 27911K, capacity 30194K, committed 30464K, reserved 1075200K
  class space    used 3633K, capacity 4031K, committed 4096K, reserved 1048576K
Event: 6.587 GC heap after
Heap after GC invocations=7 (full 1):
 PSYoungGen      total 121856K, used 8122K [0x00000000d5d80000, 0x00000000de100000, 0x0000000100000000)
  eden space 113664K, 0% used [0x00000000d5d80000,0x00000000d5d80000,0x00000000dcc80000)
  from space 8192K, 99% used [0x00000000dd900000,0x00000000de0eeb80,0x00000000de100000)
  to   space 10240K, 0% used [0x00000000dcd00000,0x00000000dcd00000,0x00000000dd700000)
 ParOldGen       total 49664K, used 7062K [0x0000000081800000, 0x0000000084880000, 0x00000000d5d80000)
  object space 49664K, 14% used [0x0000000081800000,0x0000000081ee5af8,0x0000000084880000)
 Metaspace       used 27911K, capacity 30194K, committed 30464K, reserved 1075200K
  class space    used 3633K, capacity 4031K, committed 4096K, reserved 1048576K
}

Deoptimization events (10 events):
Event: 5.663 Thread 0x0000000003050800 Uncommon trap: reason=predicate action=maybe_recompile pc=0x00000000039fddc4 method=java.util.AbstractCollection.toArray([Ljava/lang/Object;)[Ljava/lang/Object; @ 49
Event: 5.727 Thread 0x0000000003050800 Uncommon trap: reason=array_check action=maybe_recompile pc=0x0000000003a05100 method=java.util.AbstractCollection.toArray([Ljava/lang/Object;)[Ljava/lang/Object; @ 119
Event: 5.727 Thread 0x0000000003050800 Uncommon trap: reason=array_check action=maybe_recompile pc=0x0000000003a05100 method=java.util.AbstractCollection.toArray([Ljava/lang/Object;)[Ljava/lang/Object; @ 119
Event: 5.728 Thread 0x0000000003050800 Uncommon trap: reason=array_check action=maybe_recompile pc=0x0000000003a05100 method=java.util.AbstractCollection.toArray([Ljava/lang/Object;)[Ljava/lang/Object; @ 119
Event: 5.728 Thread 0x0000000003050800 Uncommon trap: reason=array_check action=maybe_recompile pc=0x0000000003a05100 method=java.util.AbstractCollection.toArray([Ljava/lang/Object;)[Ljava/lang/Object; @ 119
Event: 5.782 Thread 0x0000000003050800 Uncommon trap: reason=unstable_if action=reinterpret pc=0x0000000003a3ddd4 method=org.springframework.beans.factory.support.AbstractBeanFactory.isTypeMatch(Ljava/lang/String;Lorg/springframework/core/ResolvableType;Z)Z @ 559
Event: 6.608 Thread 0x0000000003050800 Uncommon trap: reason=unstable_if action=reinterpret pc=0x0000000003a095e4 method=org.springframework.beans.factory.support.DefaultSingletonBeanRegistry.getSingleton(Ljava/lang/String;Z)Ljava/lang/Object; @ 47
Event: 6.839 Thread 0x0000000003050800 Uncommon trap: reason=unstable_if action=reinterpret pc=0x00000000039e3398 method=org.springframework.util.ConcurrentReferenceHashMap$Segment.clear()V @ 7
Event: 6.887 Thread 0x0000000003050800 Uncommon trap: reason=unstable_if action=reinterpret pc=0x00000000037efa44 method=java.util.LinkedHashMap.get(Ljava/lang/Object;)Ljava/lang/Object; @ 20
Event: 7.333 Thread 0x0000000003050800 Uncommon trap: reason=unstable_if action=reinterpret pc=0x0000000003299b80 method=java.lang.CharacterData.of(I)Ljava/lang/CharacterData; @ 4

Internal exceptions (10 events):
Event: 6.802 Thread 0x0000000003050800 Exception <a 'java/lang/ClassNotFoundException': org/springframework/beans/factory/AwareCustomizer> (0x00000000d682f428) thrown at [C:\re\workspace\8-2-build-windows-amd64-cygwin\jdk8u121\8372\hotspot\src\share\vm\classfile\systemDictionary.cpp, line 210]
Event: 6.803 Thread 0x0000000003050800 Exception <a 'java/lang/ClassNotFoundException': org/springframework/beans/factory/InitializingBeanCustomizer> (0x00000000d6844938) thrown at [C:\re\workspace\8-2-build-windows-amd64-cygwin\jdk8u121\8372\hotspot\src\share\vm\classfile\systemDictionary.cpp
Event: 6.803 Thread 0x0000000003050800 Exception <a 'java/lang/ClassNotFoundException': org/springframework/beans/factory/DisposableBeanCustomizer> (0x00000000d6859968) thrown at [C:\re\workspace\8-2-build-windows-amd64-cygwin\jdk8u121\8372\hotspot\src\share\vm\classfile\systemDictionary.cpp, 
Event: 6.808 Thread 0x0000000003050800 Exception <a 'java/lang/ClassNotFoundException': java/lang/ObjectCustomizer> (0x00000000d687cbc8) thrown at [C:\re\workspace\8-2-build-windows-amd64-cygwin\jdk8u121\8372\hotspot\src\share\vm\classfile\systemDictionary.cpp, line 210]
Event: 6.809 Thread 0x0000000003050800 Exception <a 'java/lang/ClassNotFoundException': org/springframework/web/multipart/support/StandardServletMultipartResolverCustomizer> (0x00000000d689af10) thrown at [C:\re\workspace\8-2-build-windows-amd64-cygwin\jdk8u121\8372\hotspot\src\share\vm\classf
Event: 6.810 Thread 0x0000000003050800 Exception <a 'java/lang/ClassNotFoundException': org/springframework/web/multipart/MultipartResolverCustomizer> (0x00000000d68b5d70) thrown at [C:\re\workspace\8-2-build-windows-amd64-cygwin\jdk8u121\8372\hotspot\src\share\vm\classfile\systemDictionary.cp
Event: 6.888 Thread 0x0000000003050800 Exception <a 'java/lang/ClassNotFoundException': java/lang/ObjectCustomizer> (0x00000000d6af7470) thrown at [C:\re\workspace\8-2-build-windows-amd64-cygwin\jdk8u121\8372\hotspot\src\share\vm\classfile\systemDictionary.cpp, line 210]
Event: 6.891 Thread 0x0000000003050800 Exception <a 'java/lang/ClassNotFoundException': com/huanqing/spring/demo/DemoApplicationTestsCustomizer> (0x00000000d6b0e680) thrown at [C:\re\workspace\8-2-build-windows-amd64-cygwin\jdk8u121\8372\hotspot\src\share\vm\classfile\systemDictionary.cpp, lin
Event: 6.954 Thread 0x0000000003050800 Exception <a 'java/lang/ClassNotFoundException': java/lang/Module> (0x00000000d6e65d60) thrown at [C:\re\workspace\8-2-build-windows-amd64-cygwin\jdk8u121\8372\hotspot\src\share\vm\classfile\systemDictionary.cpp, line 210]
Event: 7.496 Thread 0x0000000019265800 Exception <a 'java/io/IOException': CreateProcess error=1455, é¡µé¢æ–‡ä»¶å¤ªå°ï¼Œæ— æ³•å®Œæˆæ“ä½œã€‚> (0x00000000d80d37e0) thrown at [C:\re\workspace\8-2-build-windows-amd64-cygwin\jdk8u121\8372\hotspot\src\share\vm\prims\jni.cpp, line 735]

Events (10 events):
Event: 7.486 loading class java/util/concurrent/ForkJoinPool$1
Event: 7.486 loading class java/util/concurrent/ForkJoinPool$1 done
Event: 7.486 loading class java/util/concurrent/CompletableFuture$Completion
Event: 7.488 loading class java/util/concurrent/CompletableFuture$AsynchronousCompletionTask
Event: 7.488 loading class java/util/concurrent/CompletableFuture$AsynchronousCompletionTask done
Event: 7.488 loading class java/util/concurrent/CompletableFuture$Completion done
Event: 7.489 loading class org/junit/platform/launcher/TestPlan
Event: 7.500 loading class org/junit/platform/launcher/TestPlan done
Event: 7.501 loading class org/junit/platform/launcher/TestPlan
Event: 7.501 loading class org/junit/platform/launcher/TestPlan done


Dynamic libraries:
0x00007ff6c9430000 - 0x00007ff6c9467000 	C:\peixun\jdk\jdk1.8.0_121\jre\bin\java.exe
0x00007ffd336a0000 - 0x00007ffd33890000 	C:\WINDOWS\SYSTEM32\ntdll.dll
0x00007ffd31e60000 - 0x00007ffd31f12000 	C:\WINDOWS\System32\KERNEL32.DLL
0x00007ffd30c70000 - 0x00007ffd30f14000 	C:\WINDOWS\System32\KERNELBASE.dll
0x00007ffd32e40000 - 0x00007ffd32ee3000 	C:\WINDOWS\System32\ADVAPI32.dll
0x00007ffd322f0000 - 0x00007ffd3238e000 	C:\WINDOWS\System32\msvcrt.dll
0x00007ffd31f20000 - 0x00007ffd31fb7000 	C:\WINDOWS\System32\sechost.dll
0x00007ffd329a0000 - 0x00007ffd32ac0000 	C:\WINDOWS\System32\RPCRT4.dll
0x00007ffd32b30000 - 0x00007ffd32cc4000 	C:\WINDOWS\System32\USER32.dll
0x00007ffd30620000 - 0x00007ffd30641000 	C:\WINDOWS\System32\win32u.dll
0x00007ffd32da0000 - 0x00007ffd32dc6000 	C:\WINDOWS\System32\GDI32.dll
0x00007ffd307f0000 - 0x00007ffd30986000 	C:\WINDOWS\System32\gdi32full.dll
0x00007ffd30f20000 - 0x00007ffd30fbe000 	C:\WINDOWS\System32\msvcp_win.dll
0x00007ffd30990000 - 0x00007ffd30a8a000 	C:\WINDOWS\System32\ucrtbase.dll
0x00007ffd21c30000 - 0x00007ffd21eb4000 	C:\WINDOWS\WinSxS\amd64_microsoft.windows.common-controls_6595b64144ccf1df_6.0.18362.959_none_e6c7bbbf130c62bb\COMCTL32.dll
0x00007ffd31750000 - 0x00007ffd31a85000 	C:\WINDOWS\System32\combase.dll
0x00007ffd30b40000 - 0x00007ffd30bc0000 	C:\WINDOWS\System32\bcryptPrimitives.dll
0x00007ffd31ba0000 - 0x00007ffd31bce000 	C:\WINDOWS\System32\IMM32.DLL
0x0000000077c50000 - 0x0000000077d22000 	C:\peixun\jdk\jdk1.8.0_121\jre\bin\msvcr100.dll
0x0000000076e10000 - 0x00000000776ab000 	C:\peixun\jdk\jdk1.8.0_121\jre\bin\server\jvm.dll
0x00007ffd31e50000 - 0x00007ffd31e58000 	C:\WINDOWS\System32\PSAPI.DLL
0x00007ffd2e470000 - 0x00007ffd2e494000 	C:\WINDOWS\SYSTEM32\WINMM.dll
0x00007ffd2a3a0000 - 0x00007ffd2a3a9000 	C:\WINDOWS\SYSTEM32\WSOCK32.dll
0x00007ffd1dcd0000 - 0x00007ffd1dcda000 	C:\WINDOWS\SYSTEM32\VERSION.dll
0x00007ffd32280000 - 0x00007ffd322ef000 	C:\WINDOWS\System32\WS2_32.dll
0x00007ffd2e440000 - 0x00007ffd2e46d000 	C:\WINDOWS\SYSTEM32\WINMMBASE.dll
0x00007ffd30bc0000 - 0x00007ffd30c0a000 	C:\WINDOWS\System32\cfgmgr32.dll
0x0000000077c40000 - 0x0000000077c4f000 	C:\peixun\jdk\jdk1.8.0_121\jre\bin\verify.dll
0x0000000077c10000 - 0x0000000077c39000 	C:\peixun\jdk\jdk1.8.0_121\jre\bin\java.dll
0x0000000077bc0000 - 0x0000000077bd6000 	C:\peixun\jdk\jdk1.8.0_121\jre\bin\zip.dll
0x00007ffd32f70000 - 0x00007ffd33656000 	C:\WINDOWS\System32\SHELL32.dll
0x00007ffd31bd0000 - 0x00007ffd31c79000 	C:\WINDOWS\System32\shcore.dll
0x00007ffd30fc0000 - 0x00007ffd31742000 	C:\WINDOWS\System32\windows.storage.dll
0x00007ffd305f0000 - 0x00007ffd30613000 	C:\WINDOWS\System32\profapi.dll
0x00007ffd30580000 - 0x00007ffd305ca000 	C:\WINDOWS\System32\powrprof.dll
0x00007ffd30550000 - 0x00007ffd30560000 	C:\WINDOWS\System32\UMPDC.dll
0x00007ffd324d0000 - 0x00007ffd32522000 	C:\WINDOWS\System32\shlwapi.dll
0x00007ffd305d0000 - 0x00007ffd305e1000 	C:\WINDOWS\System32\kernel.appcore.dll
0x00007ffd30650000 - 0x00007ffd30667000 	C:\WINDOWS\System32\cryptsp.dll
0x0000000077b90000 - 0x0000000077b9d000 	C:\peixun\jdk\jdk1.8.0_121\jre\bin\management.dll
0x0000000077ba0000 - 0x0000000077bba000 	C:\peixun\jdk\jdk1.8.0_121\jre\bin\net.dll
0x00007ffd2fd60000 - 0x00007ffd2fdc7000 	C:\WINDOWS\system32\mswsock.dll
0x0000000077b70000 - 0x0000000077b81000 	C:\peixun\jdk\jdk1.8.0_121\jre\bin\nio.dll
0x00007ffd1f050000 - 0x00007ffd1f066000 	C:\WINDOWS\system32\napinsp.dll
0x00007ffd1cc60000 - 0x00007ffd1cc7a000 	C:\WINDOWS\system32\pnrpnsp.dll
0x00007ffd2fab0000 - 0x00007ffd2fb7b000 	C:\WINDOWS\SYSTEM32\DNSAPI.dll
0x00007ffd32dd0000 - 0x00007ffd32dd8000 	C:\WINDOWS\System32\NSI.dll
0x00007ffd2fa70000 - 0x00007ffd2faaa000 	C:\WINDOWS\SYSTEM32\IPHLPAPI.DLL
0x00007ffd1ef90000 - 0x00007ffd1ef9e000 	C:\WINDOWS\System32\winrnr.dll
0x00007ffd2ca10000 - 0x00007ffd2ca2c000 	C:\WINDOWS\system32\NLAapi.dll
0x00007ffd2aeb0000 - 0x00007ffd2aec5000 	C:\WINDOWS\system32\wshbth.dll
0x00007ffd20440000 - 0x00007ffd2044a000 	C:\Windows\System32\rasadhlp.dll
0x00007ffd230f0000 - 0x00007ffd23167000 	C:\WINDOWS\System32\fwpuclnt.dll
0x00007ffd30670000 - 0x00007ffd30696000 	C:\WINDOWS\System32\bcrypt.dll

VM Arguments:
java_command: C:\Users\Apple\AppData\Local\Temp\surefire2202768332763718355\surefirebooter8840305712786786049.jar C:\Users\Apple\AppData\Local\Temp\surefire2202768332763718355 2020-08-10T15-12-43_424-jvmRun1 surefire8688901430005170868tmp surefire_06956574707744743894tmp
java_class_path (initial): C:\Users\Apple\AppData\Local\Temp\surefire2202768332763718355\surefirebooter8840305712786786049.jar
Launcher Type: SUN_STANDARD

Environment Variables:
JAVA_HOME=C:\peixun\jdk\jdk1.8.0_121
PATH=C:\peixun\jdk\jdk1.8.0_121\bin;C:\WINDOWS\system32;C:\WINDOWS;C:\WINDOWS\System32\Wbem;C:\WINDOWS\System32\WindowsPowerShell\v1.0\;C:\WINDOWS\System32\OpenSSH\;C:\Program Files (x86)\MySQL\MySQL Server 5.5\bin;C:\Day01-°²×°°ü\apache-maven-3.5.0-bin\apache-maven-3.5.0-bin\apache-maven-3.5.0\bin;;;C:\Program Files\Git\cmd;C:\Program Files\TortoiseGit\bin;C:\Users\Apple\AppData\Local\Microsoft\WindowsApps;C:\peixun\jdk\jdk1.8.0_121\bin;C:\WINDOWS\system32;C:\WINDOWS;C:\WINDOWS\System32\Wbem;C:\WINDOWS\System32\WindowsPowerShell\v1.0\;C:\WINDOWS\System32\OpenSSH\;C:\Program Files (x86)\MySQL\MySQL Server 5.5\bin;C:\Day01-°²×°°ü\apache-maven-3.5.0-bin\apache-maven-3.5.0-bin\apache-maven-3.5.0\bin;;;C:\Program Files\Git\cmd;C:\Program Files\TortoiseGit\bin;C:\Day01-°²×°°ü\apache-maven-3.5.0-bin\apache-maven-3.5.0-bin\apache-maven-3.5.0\bin;
USERNAME=Apple
OS=Windows_NT
PROCESSOR_IDENTIFIER=Intel64 Family 6 Model 61 Stepping 4, GenuineIntel



---------------  S Y S T E M  ---------------

OS: Windows 10.0 , 64 bit Build 18362 (10.0.18362.959)

CPU:total 4 (2 cores per cpu, 2 threads per core) family 6 model 61 stepping 4, cmov, cx8, fxsr, mmx, sse, sse2, sse3, ssse3, sse4.1, sse4.2, popcnt, avx, avx2, aes, clmul, erms, rtm, 3dnowpref, lzcnt, ht, tsc, tscinvbit, bmi1, bmi2, adx

Memory: 4k page, physical 8288672k(2530716k free), swap 16696680k(4264k free)

vm_info: Java HotSpot(TM) 64-Bit Server VM (25.121-b13) for windows-amd64 JRE (1.8.0_121-b13), built on Dec 12 2016 18:21:36 by "java_re" with MS VC++ 10.0 (VS2010)

time: Mon Aug 10 15:12:55 2020
elapsed time: 7 seconds (0d 0h 0m 7s)

